Построение начато 10.10.2016 9:49:50.
     1>Проект "D:\Labs OOP\OOPLabWork03\OOPLabWork03\OOPLabWork03.vcxproj" в узле 2 (целевые объекты Build).
     1>Link:
         C:\Program Files (x86)\Microsoft Visual Studio 11.0\VC\bin\link.exe /ERRORREPORT:PROMPT /OUT:"D:\Labs OOP\OOPLabWork03\Debug\OOPLabWork03.exe" /INCREMENTAL /NOLOGO kernel32.lib user32.lib gdi32.lib winspool.lib comdlg32.lib advapi32.lib shell32.lib ole32.lib oleaut32.lib uuid.lib odbc32.lib odbccp32.lib /MANIFEST /MANIFESTUAC:"level='asInvoker' uiAccess='false'" /manifest:embed /DEBUG /PDB:"D:\Labs OOP\OOPLabWork03\Debug\OOPLabWork03.pdb" /SUBSYSTEM:CONSOLE /TLBID:1 /DYNAMICBASE /NXCOMPAT /IMPLIB:"D:\Labs OOP\OOPLabWork03\Debug\OOPLabWork03.lib" /MACHINE:X86 Debug\Animal.obj
         Debug\Bird.obj
         Debug\Circus.obj
         Debug\Fish.obj
         Debug\Mammal.obj
         Debug\OOPLabWork03.obj
         Debug\stdafx.obj
         Debug\Zoo.obj
     1>OOPLabWork03.obj : error LNK2019: ссылка на неразрешенный внешний символ "public: __thiscall Dogs::Dogs(void)" (??0Dogs@@QAE@XZ) в функции _wmain
     1>OOPLabWork03.obj : error LNK2019: ссылка на неразрешенный внешний символ "public: __thiscall Dogs::~Dogs(void)" (??1Dogs@@QAE@XZ) в функции _wmain
     1>D:\Labs OOP\OOPLabWork03\Debug\OOPLabWork03.exe : fatal error LNK1120: неразрешенных внешних элементов: 2
     1>Построение проекта "D:\Labs OOP\OOPLabWork03\OOPLabWork03\OOPLabWork03.vcxproj" завершено (целевые объекты Build) с ошибкой.

Сбой построения.

Затраченное время: 00:00:00.23
